# JRE version: OpenJDK Runtime Environment GraalVM CE 22.3.0 (17.0.5+8) (build 17.0.5+8-jvmci-22.3-b08)
# Java VM: OpenJDK 64-Bit Server VM GraalVM CE 22.3.0 (17.0.5+8-jvmci-22.3-b08, mixed mode, sharing, tiered, jvmci, jvmci compiler, compressed oops, compressed class ptrs, parallel gc, linux-amd64)
GC Precious Log:
 CPUs: 8 total, 1 available
 Memory: 1024M
 Large Page Support: Disabled
 NUMA Support: Disabled
 Compressed Oops: Enabled (32-bit)
 Alignments: Space 512K, Generation 512K, Heap 2M
 Heap Min Capacity: 100M
 Heap Initial Capacity: 100M
 Heap Max Capacity: 512M
 Pre-touch: Disabled
 Parallel Workers: 1
Heap:
 PSYoungGen      total 59904K, used 38400K [0x00000000f5580000, 0x00000000fb500000, 0x0000000100000000)
  eden space 38400K, 100% used [0x00000000f5580000,0x00000000f7b00000,0x00000000f7b00000)
  from space 21504K, 0% used [0x00000000f7b00000,0x00000000f7b00000,0x00000000f9000000)
  to   space 27648K, 0% used [0x00000000f9a00000,0x00000000f9a00000,0x00000000fb500000)
 ParOldGen       total 349696K, used 349695K [0x00000000e0000000, 0x00000000f5580000, 0x00000000f5580000)
  object space 349696K, 99% used [0x00000000e0000000,0x00000000f557fe98,0x00000000f5580000)
 Metaspace       used 58531K, committed 59392K, reserved 1105920K
  class space    used 5681K, committed 6016K, reserved 1048576K
GC Heap History (20 events):
Event: 1045.668 GC heap before
{Heap before GC invocations=938 (full 780):
 PSYoungGen      total 59904K, used 38400K [0x00000000f5580000, 0x00000000fb500000, 0x0000000100000000)
  eden space 38400K, 100% used [0x00000000f5580000,0x00000000f7b00000,0x00000000f7b00000)
  from space 21504K, 0% used [0x00000000f7b00000,0x00000000f7b00000,0x00000000f9000000)
  to   space 27648K, 0% used [0x00000000f9a00000,0x00000000f9a00000,0x00000000fb500000)
 ParOldGen       total 349696K, used 349690K [0x00000000e0000000, 0x00000000f5580000, 0x00000000f5580000)
  object space 349696K, 99% used [0x00000000e0000000,0x00000000f557ead8,0x00000000f5580000)
 Metaspace       used 58531K, committed 59392K, reserved 1105920K
  class space    used 5681K, committed 6016K, reserved 1048576K
}
Event: 1046.863 GC heap after
{Heap after GC invocations=938 (full 780):
 PSYoungGen      total 66048K, used 38399K [0x00000000f5580000, 0x00000000fb500000, 0x0000000100000000)
  eden space 38400K, 99% used [0x00000000f5580000,0x00000000f7afff78,0x00000000f7b00000)
  from space 27648K, 0% used [0x00000000f9a00000,0x00000000f9a00000,0x00000000fb500000)
  to   space 21504K, 0% used [0x00000000f7b00000,0x00000000f7b00000,0x00000000f9000000)
 ParOldGen       total 349696K, used 349689K [0x00000000e0000000, 0x00000000f5580000, 0x00000000f5580000)
  object space 349696K, 99% used [0x00000000e0000000,0x00000000f557e6c8,0x00000000f5580000)
 Metaspace       used 58531K, committed 59392K, reserved 1105920K
  class space    used 5681K, committed 6016K, reserved 1048576K
}
Event: 1046.864 GC heap before
{Heap before GC invocations=939 (full 781):
 PSYoungGen      total 66048K, used 38400K [0x00000000f5580000, 0x00000000fb500000, 0x0000000100000000)
  eden space 38400K, 100% used [0x00000000f5580000,0x00000000f7b00000,0x00000000f7b00000)
  from space 27648K, 0% used [0x00000000f9a00000,0x00000000f9a00000,0x00000000fb500000)
  to   space 21504K, 0% used [0x00000000f7b00000,0x00000000f7b00000,0x00000000f9000000)
 ParOldGen       total 349696K, used 349689K [0x00000000e0000000, 0x00000000f5580000, 0x00000000f5580000)
  object space 349696K, 99% used [0x00000000e0000000,0x00000000f557e6c8,0x00000000f5580000)
 Metaspace       used 58531K, committed 59392K, reserved 1105920K
  class space    used 5681K, committed 6016K, reserved 1048576K
}
Event: 1048.080 GC heap after
{Heap after GC invocations=939 (full 781):
 PSYoungGen      total 59904K, used 38399K [0x00000000f5580000, 0x00000000fb500000, 0x0000000100000000)
  eden space 38400K, 99% used [0x00000000f5580000,0x00000000f7afffe0,0x00000000f7b00000)
  from space 21504K, 0% used [0x00000000f7b00000,0x00000000f7b00000,0x00000000f9000000)
  to   space 27648K, 0% used [0x00000000f9a00000,0x00000000f9a00000,0x00000000fb500000)
 ParOldGen       total 349696K, used 349689K [0x00000000e0000000, 0x00000000f5580000, 0x00000000f5580000)
  object space 349696K, 99% used [0x00000000e0000000,0x00000000f557e6c8,0x00000000f5580000)
 Metaspace       used 58531K, committed 59392K, reserved 1105920K
  class space    used 5681K, committed 6016K, reserved 1048576K
}
Event: 1048.080 GC heap before
{Heap before GC invocations=940 (full 782):
 PSYoungGen      total 59904K, used 38400K [0x00000000f5580000, 0x00000000fb500000, 0x0000000100000000)
  eden space 38400K, 100% used [0x00000000f5580000,0x00000000f7b00000,0x00000000f7b00000)
  from space 21504K, 0% used [0x00000000f7b00000,0x00000000f7b00000,0x00000000f9000000)
  to   space 27648K, 0% used [0x00000000f9a00000,0x00000000f9a00000,0x00000000fb500000)
 ParOldGen       total 349696K, used 349689K [0x00000000e0000000, 0x00000000f5580000, 0x00000000f5580000)
  object space 349696K, 99% used [0x00000000e0000000,0x00000000f557e6c8,0x00000000f5580000)
 Metaspace       used 58531K, committed 59392K, reserved 1105920K
  class space    used 5681K, committed 6016K, reserved 1048576K
}
Event: 1049.320 GC heap after
{Heap after GC invocations=940 (full 782):
 PSYoungGen      total 66048K, used 38400K [0x00000000f5580000, 0x00000000fb500000, 0x0000000100000000)
  eden space 38400K, 100% used [0x00000000f5580000,0x00000000f7b00000,0x00000000f7b00000)
  from space 27648K, 0% used [0x00000000f9a00000,0x00000000f9a00000,0x00000000fb500000)
  to   space 21504K, 0% used [0x00000000f7b00000,0x00000000f7b00000,0x00000000f9000000)
 ParOldGen       total 349696K, used 349689K [0x00000000e0000000, 0x00000000f5580000, 0x00000000f5580000)
  object space 349696K, 99% used [0x00000000e0000000,0x00000000f557e6c8,0x00000000f5580000)
 Metaspace       used 58531K, committed 59392K, reserved 1105920K
  class space    used 5681K, committed 6016K, reserved 1048576K
}
Event: 1049.360 GC heap before
{Heap before GC invocations=941 (full 783):
 PSYoungGen      total 66048K, used 38400K [0x00000000f5580000, 0x00000000fb500000, 0x0000000100000000)
  eden space 38400K, 100% used [0x00000000f5580000,0x00000000f7b00000,0x00000000f7b00000)
  from space 27648K, 0% used [0x00000000f9a00000,0x00000000f9a00000,0x00000000fb500000)
  to   space 21504K, 0% used [0x00000000f7b00000,0x00000000f7b00000,0x00000000f9000000)
 ParOldGen       total 349696K, used 349694K [0x00000000e0000000, 0x00000000f5580000, 0x00000000f5580000)
  object space 349696K, 99% used [0x00000000e0000000,0x00000000f557fa78,0x00000000f5580000)
 Metaspace       used 58531K, committed 59392K, reserved 1105920K
  class space    used 5681K, committed 6016K, reserved 1048576K
}
Event: 1050.661 GC heap after
{Heap after GC invocations=941 (full 783):
 PSYoungGen      total 59904K, used 38398K [0x00000000f5580000, 0x00000000fb500000, 0x0000000100000000)
  eden space 38400K, 99% used [0x00000000f5580000,0x00000000f7affa70,0x00000000f7b00000)
  from space 21504K, 0% used [0x00000000f7b00000,0x00000000f7b00000,0x00000000f9000000)
  to   space 27648K, 0% used [0x00000000f9a00000,0x00000000f9a00000,0x00000000fb500000)
 ParOldGen       total 349696K, used 349694K [0x00000000e0000000, 0x00000000f5580000, 0x00000000f5580000)
  object space 349696K, 99% used [0x00000000e0000000,0x00000000f557f888,0x00000000f5580000)
 Metaspace       used 58531K, committed 59392K, reserved 1105920K
  class space    used 5681K, committed 6016K, reserved 1048576K
}
Event: 1050.667 GC heap before
{Heap before GC invocations=942 (full 784):
 PSYoungGen      total 59904K, used 38399K [0x00000000f5580000, 0x00000000fb500000, 0x0000000100000000)
  eden space 38400K, 99% used [0x00000000f5580000,0x00000000f7affff8,0x00000000f7b00000)
  from space 21504K, 0% used [0x00000000f7b00000,0x00000000f7b00000,0x00000000f9000000)
  to   space 27648K, 0% used [0x00000000f9a00000,0x00000000f9a00000,0x00000000fb500000)
 ParOldGen       total 349696K, used 349694K [0x00000000e0000000, 0x00000000f5580000, 0x00000000f5580000)
  object space 349696K, 99% used [0x00000000e0000000,0x00000000f557f888,0x00000000f5580000)
 Metaspace       used 58531K, committed 59392K, reserved 1105920K
  class space    used 5681K, committed 6016K, reserved 1048576K
}
Event: 1051.889 GC heap after
{Heap after GC invocations=942 (full 784):
 PSYoungGen      total 66048K, used 38398K [0x00000000f5580000, 0x00000000fb500000, 0x0000000100000000)
  eden space 38400K, 99% used [0x00000000f5580000,0x00000000f7affb30,0x00000000f7b00000)
  from space 27648K, 0% used [0x00000000f9a00000,0x00000000f9a00000,0x00000000fb500000)
  to   space 21504K, 0% used [0x00000000f7b00000,0x00000000f7b00000,0x00000000f9000000)
 ParOldGen       total 349696K, used 349694K [0x00000000e0000000, 0x00000000f5580000, 0x00000000f5580000)
  object space 349696K, 99% used [0x00000000e0000000,0x00000000f557f888,0x00000000f5580000)
 Metaspace       used 58531K, committed 59392K, reserved 1105920K
  class space    used 5681K, committed 6016K, reserved 1048576K
}
Event: 1051.889 GC heap before
{Heap before GC invocations=943 (full 785):
 PSYoungGen      total 66048K, used 38399K [0x00000000f5580000, 0x00000000fb500000, 0x0000000100000000)
  eden space 38400K, 99% used [0x00000000f5580000,0x00000000f7affff0,0x00000000f7b00000)
  from space 27648K, 0% used [0x00000000f9a00000,0x00000000f9a00000,0x00000000fb500000)
  to   space 21504K, 0% used [0x00000000f7b00000,0x00000000f7b00000,0x00000000f9000000)
 ParOldGen       total 349696K, used 349694K [0x00000000e0000000, 0x00000000f5580000, 0x00000000f5580000)
  object space 349696K, 99% used [0x00000000e0000000,0x00000000f557f888,0x00000000f5580000)
 Metaspace       used 58531K, committed 59392K, reserved 1105920K
  class space    used 5681K, committed 6016K, reserved 1048576K
}
Event: 1053.163 GC heap after
{Heap after GC invocations=943 (full 785):
 PSYoungGen      total 59904K, used 38399K [0x00000000f5580000, 0x00000000fb500000, 0x0000000100000000)
  eden space 38400K, 99% used [0x00000000f5580000,0x00000000f7affc78,0x00000000f7b00000)
  from space 21504K, 0% used [0x00000000f7b00000,0x00000000f7b00000,0x00000000f9000000)
  to   space 27648K, 0% used [0x00000000f9a00000,0x00000000f9a00000,0x00000000fb500000)
 ParOldGen       total 349696K, used 349694K [0x00000000e0000000, 0x00000000f5580000, 0x00000000f5580000)
  object space 349696K, 99% used [0x00000000e0000000,0x00000000f557f888,0x00000000f5580000)
 Metaspace       used 58531K, committed 59392K, reserved 1105920K
  class space    used 5681K, committed 6016K, reserved 1048576K
}
Event: 1053.163 GC heap before
{Heap before GC invocations=944 (full 786):
 PSYoungGen      total 59904K, used 38399K [0x00000000f5580000, 0x00000000fb500000, 0x0000000100000000)
  eden space 38400K, 99% used [0x00000000f5580000,0x00000000f7affff0,0x00000000f7b00000)
  from space 21504K, 0% used [0x00000000f7b00000,0x00000000f7b00000,0x00000000f9000000)
  to   space 27648K, 0% used [0x00000000f9a00000,0x00000000f9a00000,0x00000000fb500000)
 ParOldGen       total 349696K, used 349694K [0x00000000e0000000, 0x00000000f5580000, 0x00000000f5580000)
  object space 349696K, 99% used [0x00000000e0000000,0x00000000f557f888,0x00000000f5580000)
 Metaspace       used 58531K, committed 59392K, reserved 1105920K
  class space    used 5681K, committed 6016K, reserved 1048576K
}
Event: 1054.407 GC heap after
{Heap after GC invocations=944 (full 786):
 PSYoungGen      total 66048K, used 38399K [0x00000000f5580000, 0x00000000fb500000, 0x0000000100000000)
  eden space 38400K, 99% used [0x00000000f5580000,0x00000000f7affff0,0x00000000f7b00000)
  from space 27648K, 0% used [0x00000000f9a00000,0x00000000f9a00000,0x00000000fb500000)
  to   space 21504K, 0% used [0x00000000f7b00000,0x00000000f7b00000,0x00000000f9000000)
 ParOldGen       total 349696K, used 349694K [0x00000000e0000000, 0x00000000f5580000, 0x00000000f5580000)
  object space 349696K, 99% used [0x00000000e0000000,0x00000000f557f888,0x00000000f5580000)
 Metaspace       used 58531K, committed 59392K, reserved 1105920K
  class space    used 5681K, committed 6016K, reserved 1048576K
}
Event: 1054.408 GC heap before
{Heap before GC invocations=945 (full 787):
 PSYoungGen      total 66048K, used 38399K [0x00000000f5580000, 0x00000000fb500000, 0x0000000100000000)
  eden space 38400K, 99% used [0x00000000f5580000,0x00000000f7affff0,0x00000000f7b00000)
  from space 27648K, 0% used [0x00000000f9a00000,0x00000000f9a00000,0x00000000fb500000)
  to   space 21504K, 0% used [0x00000000f7b00000,0x00000000f7b00000,0x00000000f9000000)
 ParOldGen       total 349696K, used 349696K [0x00000000e0000000, 0x00000000f5580000, 0x00000000f5580000)
  object space 349696K, 100% used [0x00000000e0000000,0x00000000f5580000,0x00000000f5580000)
 Metaspace       used 58531K, committed 59392K, reserved 1105920K
  class space    used 5681K, committed 6016K, reserved 1048576K
}
Event: 1055.729 GC heap after
{Heap after GC invocations=945 (full 787):
 PSYoungGen      total 59904K, used 38399K [0x00000000f5580000, 0x00000000fb500000, 0x0000000100000000)
  eden space 38400K, 99% used [0x00000000f5580000,0x00000000f7afff68,0x00000000f7b00000)
  from space 21504K, 0% used [0x00000000f7b00000,0x00000000f7b00000,0x00000000f9000000)
  to   space 27648K, 0% used [0x00000000f9a00000,0x00000000f9a00000,0x00000000fb500000)
 ParOldGen       total 349696K, used 349694K [0x00000000e0000000, 0x00000000f5580000, 0x00000000f5580000)
  object space 349696K, 99% used [0x00000000e0000000,0x00000000f557fb40,0x00000000f5580000)
 Metaspace       used 58531K, committed 59392K, reserved 1105920K
  class space    used 5681K, committed 6016K, reserved 1048576K
}
Event: 1055.760 GC heap before
{Heap before GC invocations=946 (full 788):
 PSYoungGen      total 59904K, used 38399K [0x00000000f5580000, 0x00000000fb500000, 0x0000000100000000)
  eden space 38400K, 99% used [0x00000000f5580000,0x00000000f7afffe8,0x00000000f7b00000)
  from space 21504K, 0% used [0x00000000f7b00000,0x00000000f7b00000,0x00000000f9000000)
  to   space 27648K, 0% used [0x00000000f9a00000,0x00000000f9a00000,0x00000000fb500000)
 ParOldGen       total 349696K, used 349694K [0x00000000e0000000, 0x00000000f5580000, 0x00000000f5580000)
  object space 349696K, 99% used [0x00000000e0000000,0x00000000f557fb40,0x00000000f5580000)
 Metaspace       used 58531K, committed 59392K, reserved 1105920K
  class space    used 5681K, committed 6016K, reserved 1048576K
}
Event: 1057.088 GC heap after
{Heap after GC invocations=946 (full 788):
 PSYoungGen      total 66048K, used 38399K [0x00000000f5580000, 0x00000000fb500000, 0x0000000100000000)
  eden space 38400K, 99% used [0x00000000f5580000,0x00000000f7afffe8,0x00000000f7b00000)
  from space 27648K, 0% used [0x00000000f9a00000,0x00000000f9a00000,0x00000000fb500000)
  to   space 21504K, 0% used [0x00000000f7b00000,0x00000000f7b00000,0x00000000f9000000)
 ParOldGen       total 349696K, used 349694K [0x00000000e0000000, 0x00000000f5580000, 0x00000000f5580000)
  object space 349696K, 99% used [0x00000000e0000000,0x00000000f557faa0,0x00000000f5580000)
 Metaspace       used 58531K, committed 59392K, reserved 1105920K
  class space    used 5681K, committed 6016K, reserved 1048576K
}
Event: 1057.088 GC heap before
{Heap before GC invocations=947 (full 789):
 PSYoungGen      total 66048K, used 38399K [0x00000000f5580000, 0x00000000fb500000, 0x0000000100000000)
  eden space 38400K, 99% used [0x00000000f5580000,0x00000000f7afffe8,0x00000000f7b00000)
  from space 27648K, 0% used [0x00000000f9a00000,0x00000000f9a00000,0x00000000fb500000)
  to   space 21504K, 0% used [0x00000000f7b00000,0x00000000f7b00000,0x00000000f9000000)
 ParOldGen       total 349696K, used 349694K [0x00000000e0000000, 0x00000000f5580000, 0x00000000f5580000)
  object space 349696K, 99% used [0x00000000e0000000,0x00000000f557faa0,0x00000000f5580000)
 Metaspace       used 58531K, committed 59392K, reserved 1105920K
  class space    used 5681K, committed 6016K, reserved 1048576K
}
Event: 1058.391 GC heap after
{Heap after GC invocations=947 (full 789):
 PSYoungGen      total 59904K, used 38399K [0x00000000f5580000, 0x00000000fb500000, 0x0000000100000000)
  eden space 38400K, 99% used [0x00000000f5580000,0x00000000f7afffe8,0x00000000f7b00000)
  from space 21504K, 0% used [0x00000000f7b00000,0x00000000f7b00000,0x00000000f9000000)
  to   space 27648K, 0% used [0x00000000f9a00000,0x00000000f9a00000,0x00000000fb500000)
 ParOldGen       total 349696K, used 349693K [0x00000000e0000000, 0x00000000f5580000, 0x00000000f5580000)
  object space 349696K, 99% used [0x00000000e0000000,0x00000000f557f690,0x00000000f5580000)
 Metaspace       used 58531K, committed 59392K, reserved 1105920K
  class space    used 5681K, committed 6016K, reserved 1048576K
}

